

Version:	3.14
CmdLine:	C:\Users\keski\Desktop\github-sample\FicomSoftware\out\artifacts\FicomSoftware_jar\ArsivYonetim.exe --l4j-debug
WOW64:		yes
Working dir:	C:\Users\keski\Desktop\github-sample\FicomSoftware\out\artifacts\FicomSoftware_jar\.
Java min ver:	1.009.000
Java max ver:	1.014.000
64-bit search:	SOFTWARE\JavaSoft\Java Runtime Environment...
32-bit search:	SOFTWARE\JavaSoft\Java Runtime Environment...
64-bit search:	SOFTWARE\JavaSoft\Java Development Kit...
32-bit search:	SOFTWARE\JavaSoft\Java Development Kit...
64-bit search:	SOFTWARE\JavaSoft\JRE...
32-bit search:	SOFTWARE\JavaSoft\JRE...
64-bit search:	SOFTWARE\JavaSoft\JDK...
Check:		SOFTWARE\JavaSoft\JDK\13
Check launcher:	C:\Program Files\Java\jdk-13\bin\javaw.exe (OK)
Match:		1.013.000
Runtime used:	1.013.000 (64-bit)
Launcher:	C:\Program Files\Java\jdk-13\bin\javaw.exe
Launcher args:	--module-path "javafx-sdk-11.0.2\lib" --add-modules=javafx.fxml,javafx.controls -DpathConf="\config\config.properties" -Dfiles="\files" -jar "C:\Users\keski\Desktop\github-sample\FicomSoftware\out\artifacts\FicomSoftware_jar\ArsivYonetim.exe"
Args length:	242/32768 chars
Error msg:	An error occurred while starting the application.


Version:	3.14
CmdLine:	C:\Users\keski\Desktop\github-sample\FicomSoftware\out\artifacts\FicomSoftware_jar\ArsivYonetim.exe --l4j-debug
WOW64:		yes
Working dir:	C:\Users\keski\Desktop\github-sample\FicomSoftware\out\artifacts\FicomSoftware_jar\.
Java min ver:	1.009.000
Java max ver:	1.014.000
64-bit search:	SOFTWARE\JavaSoft\Java Runtime Environment...
32-bit search:	SOFTWARE\JavaSoft\Java Runtime Environment...
64-bit search:	SOFTWARE\JavaSoft\Java Development Kit...
32-bit search:	SOFTWARE\JavaSoft\Java Development Kit...
64-bit search:	SOFTWARE\JavaSoft\JRE...
32-bit search:	SOFTWARE\JavaSoft\JRE...
64-bit search:	SOFTWARE\JavaSoft\JDK...
Check:		SOFTWARE\JavaSoft\JDK\13
Check launcher:	C:\Program Files\Java\jdk-13\bin\javaw.exe (OK)
Match:		1.013.000
Runtime used:	1.013.000 (64-bit)
Launcher:	C:\Program Files\Java\jdk-13\bin\javaw.exe
Launcher args:	--module-path "javafx-sdk-11.0.2\lib" --add-modules=javafx.fxml,javafx.controls -DpathConf="\config\config.properties" -Dfiles="\files" -jar "C:\Users\keski\Desktop\github-sample\FicomSoftware\out\artifacts\FicomSoftware_jar\ArsivYonetim.exe"
Args length:	242/32768 chars
Error msg:	An error occurred while starting the application.


Version:	3.14
CmdLine:	C:\Users\keski\Desktop\github-sample\FicomSoftware\out\artifacts\FicomSoftware_jar\ArsivYonetim.exe --l4j-debug
WOW64:		yes
Working dir:	C:\Users\keski\Desktop\github-sample\FicomSoftware\out\artifacts\FicomSoftware_jar\.
Java min ver:	1.009.000
Java max ver:	1.014.000
64-bit search:	SOFTWARE\JavaSoft\Java Runtime Environment...
32-bit search:	SOFTWARE\JavaSoft\Java Runtime Environment...
64-bit search:	SOFTWARE\JavaSoft\Java Development Kit...
32-bit search:	SOFTWARE\JavaSoft\Java Development Kit...
64-bit search:	SOFTWARE\JavaSoft\JRE...
32-bit search:	SOFTWARE\JavaSoft\JRE...
64-bit search:	SOFTWARE\JavaSoft\JDK...
Check:		SOFTWARE\JavaSoft\JDK\13
Check launcher:	C:\Program Files\Java\jdk-13\bin\javaw.exe (OK)
Match:		1.013.000
Runtime used:	1.013.000 (64-bit)
Launcher:	C:\Program Files\Java\jdk-13\bin\javaw.exe
Launcher args:	--module-path "javafx-sdk-11.0.2\lib" --add-modules=javafx.fxml,javafx.controls -DpathConf="\config\config.properties" -Dfiles="\files" -jar "C:\Users\keski\Desktop\github-sample\FicomSoftware\out\artifacts\FicomSoftware_jar\ArsivYonetim.exe"
Args length:	242/32768 chars
Error msg:	An error occurred while starting the application.


Version:	3.14
CmdLine:	C:\Users\keski\Desktop\github-sample\FicomSoftware\out\artifacts\FicomSoftware_jar\ArsivYonetim.exe --l4j-debug
WOW64:		yes
Working dir:	C:\Users\keski\Desktop\github-sample\FicomSoftware\out\artifacts\FicomSoftware_jar\.
Java min ver:	1.011.000
Java max ver:	1.014.000
64-bit search:	SOFTWARE\JavaSoft\Java Runtime Environment...
32-bit search:	SOFTWARE\JavaSoft\Java Runtime Environment...
64-bit search:	SOFTWARE\JavaSoft\Java Development Kit...
32-bit search:	SOFTWARE\JavaSoft\Java Development Kit...
64-bit search:	SOFTWARE\JavaSoft\JRE...
32-bit search:	SOFTWARE\JavaSoft\JRE...
64-bit search:	SOFTWARE\JavaSoft\JDK...
Check:		SOFTWARE\JavaSoft\JDK\13
Check launcher:	C:\Program Files\Java\jdk-13\bin\javaw.exe (OK)
Match:		1.013.000
Runtime used:	1.013.000 (64-bit)
Launcher:	C:\Program Files\Java\jdk-13\bin\javaw.exe
Launcher args:	--module-path "javafx-sdk-11.0.2\lib" --add-modules=javafx.fxml,javafx.controls -DpathConf="\config\config.properties" -Dfiles="\files" -jar "C:\Users\keski\Desktop\github-sample\FicomSoftware\out\artifacts\FicomSoftware_jar\ArsivYonetim.exe"
Args length:	242/32768 chars
Exit code:	0


Version:	3.14
CmdLine:	C:\Users\keski\Desktop\github-sample\FicomSoftware\out\artifacts\FicomSoftware_jar\ArsivYonetim.exe --l4j-debug
WOW64:		yes
Working dir:	C:\Users\keski\Desktop\github-sample\FicomSoftware\out\artifacts\FicomSoftware_jar\.
Java min ver:	1.011.000
Java max ver:	1.014.000
64-bit search:	SOFTWARE\JavaSoft\Java Runtime Environment...
32-bit search:	SOFTWARE\JavaSoft\Java Runtime Environment...
64-bit search:	SOFTWARE\JavaSoft\Java Development Kit...
32-bit search:	SOFTWARE\JavaSoft\Java Development Kit...
64-bit search:	SOFTWARE\JavaSoft\JRE...
32-bit search:	SOFTWARE\JavaSoft\JRE...
64-bit search:	SOFTWARE\JavaSoft\JDK...
Check:		SOFTWARE\JavaSoft\JDK\13
Check launcher:	C:\Program Files\Java\jdk-13\bin\javaw.exe (OK)
Match:		1.013.000
Runtime used:	1.013.000 (64-bit)
Launcher:	C:\Program Files\Java\jdk-13\bin\javaw.exe
Launcher args:	--module-path "javafx-sdk-11.0.2\lib" --add-modules=javafx.fxml,javafx.controls -DpathConf="\config\config.properties" -Dfiles="\files" -jar "C:\Users\keski\Desktop\github-sample\FicomSoftware\out\artifacts\FicomSoftware_jar\ArsivYonetim.exe"
Args length:	242/32768 chars
Exit code:	0


Version:	3.14
CmdLine:	C:\Users\keski\Desktop\github-sample\FicomSoftware\out\artifacts\FicomSoftware_jar\ArsivYonetim.exe --l4j-debug
WOW64:		yes
Working dir:	C:\Users\keski\Desktop\github-sample\FicomSoftware\out\artifacts\FicomSoftware_jar\.
Java min ver:	1.011.000
Java max ver:	1.014.000
64-bit search:	SOFTWARE\JavaSoft\Java Runtime Environment...
32-bit search:	SOFTWARE\JavaSoft\Java Runtime Environment...
64-bit search:	SOFTWARE\JavaSoft\Java Development Kit...
32-bit search:	SOFTWARE\JavaSoft\Java Development Kit...
64-bit search:	SOFTWARE\JavaSoft\JRE...
32-bit search:	SOFTWARE\JavaSoft\JRE...
64-bit search:	SOFTWARE\JavaSoft\JDK...
Check:		SOFTWARE\JavaSoft\JDK\13
Check launcher:	C:\Program Files\Java\jdk-13\bin\javaw.exe (OK)
Match:		1.013.000
Runtime used:	1.013.000 (64-bit)
Launcher:	C:\Program Files\Java\jdk-13\bin\javaw.exe
Launcher args:	--module-path "javafx-sdk-11.0.2\lib" --add-modules=javafx.fxml,javafx.controls -DpathConf="\config\config.properties" -Dfiles="\files" -jar "C:\Users\keski\Desktop\github-sample\FicomSoftware\out\artifacts\FicomSoftware_jar\ArsivYonetim.exe"
Args length:	242/32768 chars
Exit code:	0


Version:	3.14
CmdLine:	C:\Users\keski\Desktop\github-sample\FicomSoftware\out\artifacts\FicomSoftware_jar\ArsivYonetim.exe --l4j-debug
WOW64:		yes
Working dir:	C:\Users\keski\Desktop\github-sample\FicomSoftware\out\artifacts\FicomSoftware_jar\.
Java min ver:	1.011.000
Java max ver:	1.014.000
64-bit search:	SOFTWARE\JavaSoft\Java Runtime Environment...
32-bit search:	SOFTWARE\JavaSoft\Java Runtime Environment...
64-bit search:	SOFTWARE\JavaSoft\Java Development Kit...
32-bit search:	SOFTWARE\JavaSoft\Java Development Kit...
64-bit search:	SOFTWARE\JavaSoft\JRE...
32-bit search:	SOFTWARE\JavaSoft\JRE...
64-bit search:	SOFTWARE\JavaSoft\JDK...
Check:		SOFTWARE\JavaSoft\JDK\13
Check launcher:	C:\Program Files\Java\jdk-13\bin\javaw.exe (OK)
Match:		1.013.000
Runtime used:	1.013.000 (64-bit)
Launcher:	C:\Program Files\Java\jdk-13\bin\javaw.exe
Launcher args:	--module-path "javafx-sdk-11.0.2\lib" --add-modules=javafx.fxml,javafx.controls -DpathConf="\config\config.properties" -Dfiles="\files" -jar "C:\Users\keski\Desktop\github-sample\FicomSoftware\out\artifacts\FicomSoftware_jar\ArsivYonetim.exe"
Args length:	242/32768 chars
Error msg:	An error occurred while starting the application.


Version:	3.14
CmdLine:	C:\Users\keski\Desktop\github-sample\FicomSoftware\out\artifacts\FicomSoftware_jar\ArsivYonetim.exe --l4j-debug
WOW64:		yes
Working dir:	C:\Users\keski\Desktop\github-sample\FicomSoftware\out\artifacts\FicomSoftware_jar\.
Java min ver:	1.011.000
Java max ver:	1.014.000
64-bit search:	SOFTWARE\JavaSoft\Java Runtime Environment...
32-bit search:	SOFTWARE\JavaSoft\Java Runtime Environment...
64-bit search:	SOFTWARE\JavaSoft\Java Development Kit...
32-bit search:	SOFTWARE\JavaSoft\Java Development Kit...
64-bit search:	SOFTWARE\JavaSoft\JRE...
32-bit search:	SOFTWARE\JavaSoft\JRE...
64-bit search:	SOFTWARE\JavaSoft\JDK...
Check:		SOFTWARE\JavaSoft\JDK\13
Check launcher:	C:\Program Files\Java\jdk-13\bin\javaw.exe (OK)
Match:		1.013.000
Runtime used:	1.013.000 (64-bit)
Launcher:	C:\Program Files\Java\jdk-13\bin\javaw.exe
Launcher args:	--module-path "javafx-sdk-11.0.2\lib" --add-modules=javafx.fxml,javafx.controls -DpathConf="\config\config.properties" -Dfiles="\files" -jar "C:\Users\keski\Desktop\github-sample\FicomSoftware\out\artifacts\FicomSoftware_jar\ArsivYonetim.exe"
Args length:	242/32768 chars
Error msg:	An error occurred while starting the application.


Version:	3.14
CmdLine:	C:\Users\keski\Desktop\github-sample\FicomSoftware\out\artifacts\FicomSoftware_jar\ArsivYonetim.exe --l4j-debug
WOW64:		yes
Working dir:	C:\Users\keski\Desktop\github-sample\FicomSoftware\out\artifacts\FicomSoftware_jar\.
Java min ver:	1.011.000
Java max ver:	1.014.000
64-bit search:	SOFTWARE\JavaSoft\Java Runtime Environment...
32-bit search:	SOFTWARE\JavaSoft\Java Runtime Environment...
64-bit search:	SOFTWARE\JavaSoft\Java Development Kit...
32-bit search:	SOFTWARE\JavaSoft\Java Development Kit...
64-bit search:	SOFTWARE\JavaSoft\JRE...
32-bit search:	SOFTWARE\JavaSoft\JRE...
64-bit search:	SOFTWARE\JavaSoft\JDK...
Check:		SOFTWARE\JavaSoft\JDK\13
Check launcher:	C:\Program Files\Java\jdk-13\bin\javaw.exe (OK)
Match:		1.013.000
Runtime used:	1.013.000 (64-bit)
Launcher:	C:\Program Files\Java\jdk-13\bin\javaw.exe
Launcher args:	--module-path "javafx-sdk-11.0.2\lib" --add-modules=javafx.fxml,javafx.controls -DpathConf="\config\config.properties" -Dfiles="\files" -jar "C:\Users\keski\Desktop\github-sample\FicomSoftware\out\artifacts\FicomSoftware_jar\ArsivYonetim.exe"
Args length:	242/32768 chars
Exit code:	0


Version:	3.14
CmdLine:	C:\Users\keski\Desktop\github-sample\FicomSoftware\out\artifacts\FicomSoftware_jar\ArsivYonetim.exe --l4j-debug
WOW64:		yes
Working dir:	C:\Users\keski\Desktop\github-sample\FicomSoftware\out\artifacts\FicomSoftware_jar\.
Java min ver:	1.011.000
Java max ver:	1.014.000
64-bit search:	SOFTWARE\JavaSoft\Java Runtime Environment...
32-bit search:	SOFTWARE\JavaSoft\Java Runtime Environment...
64-bit search:	SOFTWARE\JavaSoft\Java Development Kit...
32-bit search:	SOFTWARE\JavaSoft\Java Development Kit...
64-bit search:	SOFTWARE\JavaSoft\JRE...
32-bit search:	SOFTWARE\JavaSoft\JRE...
64-bit search:	SOFTWARE\JavaSoft\JDK...
Check:		SOFTWARE\JavaSoft\JDK\13
Check launcher:	C:\Program Files\Java\jdk-13\bin\javaw.exe (OK)
Match:		1.013.000
Runtime used:	1.013.000 (64-bit)
Launcher:	C:\Program Files\Java\jdk-13\bin\javaw.exe
Launcher args:	--module-path "javafx-sdk-11.0.2\lib" --add-modules=javafx.fxml,javafx.controls -DpathConf="\config\config.properties" -Dfiles="\files" -jar "C:\Users\keski\Desktop\github-sample\FicomSoftware\out\artifacts\FicomSoftware_jar\ArsivYonetim.exe"
Args length:	242/32768 chars
Exit code:	0


Version:	3.14
CmdLine:	C:\Users\keski\Desktop\github-sample\FicomSoftware\out\artifacts\FicomSoftware_jar\ArsivYonetim.exe --l4j-debug
WOW64:		yes
Working dir:	C:\Users\keski\Desktop\github-sample\FicomSoftware\out\artifacts\FicomSoftware_jar\.
Java min ver:	1.011.000
Java max ver:	1.014.000
64-bit search:	SOFTWARE\JavaSoft\Java Runtime Environment...
32-bit search:	SOFTWARE\JavaSoft\Java Runtime Environment...
64-bit search:	SOFTWARE\JavaSoft\Java Development Kit...
32-bit search:	SOFTWARE\JavaSoft\Java Development Kit...
64-bit search:	SOFTWARE\JavaSoft\JRE...
32-bit search:	SOFTWARE\JavaSoft\JRE...
64-bit search:	SOFTWARE\JavaSoft\JDK...
Check:		SOFTWARE\JavaSoft\JDK\13
Check launcher:	C:\Program Files\Java\jdk-13\bin\javaw.exe (OK)
Match:		1.013.000
Runtime used:	1.013.000 (64-bit)
Launcher:	C:\Program Files\Java\jdk-13\bin\javaw.exe
Launcher args:	--module-path "javafx-sdk-11.0.2\lib" --add-modules=javafx.fxml,javafx.controls -DpathConf="\config\config.properties" -Dfiles="\files" -jar "C:\Users\keski\Desktop\github-sample\FicomSoftware\out\artifacts\FicomSoftware_jar\ArsivYonetim.exe"
Args length:	242/32768 chars
Exit code:	0


Version:	3.14
CmdLine:	C:\Users\keski\Desktop\github-sample\FicomSoftware\out\artifacts\FicomSoftware_jar\ArsivYonetim.exe --l4j-debug
WOW64:		yes
Working dir:	C:\Users\keski\Desktop\github-sample\FicomSoftware\out\artifacts\FicomSoftware_jar\.
Java min ver:	1.011.000
Java max ver:	1.014.000
64-bit search:	SOFTWARE\JavaSoft\Java Runtime Environment...
32-bit search:	SOFTWARE\JavaSoft\Java Runtime Environment...
64-bit search:	SOFTWARE\JavaSoft\Java Development Kit...
32-bit search:	SOFTWARE\JavaSoft\Java Development Kit...
64-bit search:	SOFTWARE\JavaSoft\JRE...
32-bit search:	SOFTWARE\JavaSoft\JRE...
64-bit search:	SOFTWARE\JavaSoft\JDK...
Check:		SOFTWARE\JavaSoft\JDK\13
Check launcher:	C:\Program Files\Java\jdk-13\bin\javaw.exe (OK)
Match:		1.013.000
Runtime used:	1.013.000 (64-bit)
Launcher:	C:\Program Files\Java\jdk-13\bin\javaw.exe
Launcher args:	--module-path "javafx-sdk-11.0.2\lib" --add-modules=javafx.fxml,javafx.controls -DpathConf="\config\config.properties" -Dfiles="\files" -jar "C:\Users\keski\Desktop\github-sample\FicomSoftware\out\artifacts\FicomSoftware_jar\ArsivYonetim.exe"
Args length:	242/32768 chars
Exit code:	0
